{"level":30,"time":"2026-03-24T14:48:46.497Z","pid":28568,"hostname":"DESKTOP-2U4AJ3R","msg":"Connected to MongoDB with connection pool (maxPoolSize: 10, minPoolSize: 2)"}
{"level":30,"time":"2026-03-24T14:48:46.569Z","pid":28568,"hostname":"DESKTOP-2U4AJ3R","msg":"Connected to Redis"}
{"level":30,"time":"2026-03-24T14:48:46.573Z","pid":28568,"hostname":"DESKTOP-2U4AJ3R","msg":"Socket.IO initialized successfully"}
{"level":30,"time":"2026-03-24T14:48:46.573Z","pid":28568,"hostname":"DESKTOP-2U4AJ3R","msg":"Server running on port development mode"}
{"level":30,"time":"2026-03-24T14:49:00.749Z","pid":28568,"hostname":"DESKTOP-2U4AJ3R","msg":"User connected: 6974bafd453a13b234432f41"}
{"level":30,"time":"2026-03-24T14:49:00.811Z","pid":28568,"hostname":"DESKTOP-2U4AJ3R","msg":"User 6974bafd453a13b234432f41 is now online"}
{"level":30,"time":"2026-03-24T14:49:01.433Z","pid":28568,"hostname":"DESKTOP-2U4AJ3R","msg":"User 6974bafd453a13b234432f41 joined conversation 6974bb55a4ae677f11cf749d"}
{"level":30,"time":"2026-03-24T14:51:11.532Z","pid":28568,"hostname":"DESKTOP-2U4AJ3R","msg":"User connected: 6974ac8c453a13b234432ed7"}
{"level":30,"time":"2026-03-24T14:51:11.592Z","pid":28568,"hostname":"DESKTOP-2U4AJ3R","msg":"User 6974ac8c453a13b234432ed7 is now online"}
{"level":30,"time":"2026-03-24T14:52:47.965Z","pid":28568,"hostname":"DESKTOP-2U4AJ3R","msg":"User 6974ac8c453a13b234432ed7 joined conversation 6974bb55a4ae677f11cf749d"}
{"level":30,"time":"2026-03-24T15:01:30.944Z","pid":28568,"hostname":"DESKTOP-2U4AJ3R","msg":"User disconnected: 6974bafd453a13b234432f41"}
{"level":30,"time":"2026-03-24T15:01:30.962Z","pid":28568,"hostname":"DESKTOP-2U4AJ3R","msg":"User disconnected: 6974ac8c453a13b234432ed7"}
{"level":30,"time":"2026-03-24T15:01:30.982Z","pid":28568,"hostname":"DESKTOP-2U4AJ3R","msg":"User 6974bafd453a13b234432f41 is now offline"}
{"level":30,"time":"2026-03-24T15:01:30.999Z","pid":28568,"hostname":"DESKTOP-2U4AJ3R","msg":"User 6974ac8c453a13b234432ed7 is now offline"}
{"level":30,"time":"2026-03-24T15:01:35.522Z","pid":28568,"hostname":"DESKTOP-2U4AJ3R","msg":"User connected: 6974ac8c453a13b234432ed7"}
{"level":30,"time":"2026-03-24T15:01:35.533Z","pid":28568,"hostname":"DESKTOP-2U4AJ3R","msg":"User connected: 6974bafd453a13b234432f41"}
{"level":30,"time":"2026-03-24T15:01:35.558Z","pid":28568,"hostname":"DESKTOP-2U4AJ3R","msg":"User 6974ac8c453a13b234432ed7 is now online"}
{"level":30,"time":"2026-03-24T15:01:35.594Z","pid":28568,"hostname":"DESKTOP-2U4AJ3R","msg":"User 6974bafd453a13b234432f41 is now online"}
{"level":30,"time":"2026-03-24T15:01:44.555Z","pid":28568,"hostname":"DESKTOP-2U4AJ3R","msg":"User disconnected: 6974bafd453a13b234432f41"}
{"level":30,"time":"2026-03-24T15:01:44.573Z","pid":28568,"hostname":"DESKTOP-2U4AJ3R","msg":"User disconnected: 6974ac8c453a13b234432ed7"}
{"level":30,"time":"2026-03-24T15:01:44.590Z","pid":28568,"hostname":"DESKTOP-2U4AJ3R","msg":"User 6974bafd453a13b234432f41 is now offline"}
{"level":30,"time":"2026-03-24T15:01:44.609Z","pid":28568,"hostname":"DESKTOP-2U4AJ3R","msg":"User 6974ac8c453a13b234432ed7 is now offline"}
{"level":30,"time":"2026-03-24T15:01:47.196Z","pid":28568,"hostname":"DESKTOP-2U4AJ3R","msg":"User connected: 6974bafd453a13b234432f41"}
{"level":30,"time":"2026-03-24T15:01:47.261Z","pid":28568,"hostname":"DESKTOP-2U4AJ3R","msg":"User 6974bafd453a13b234432f41 is now online"}
{"level":30,"time":"2026-03-24T15:01:47.385Z","pid":28568,"hostname":"DESKTOP-2U4AJ3R","msg":"User disconnected: 6974bafd453a13b234432f41"}
{"level":30,"time":"2026-03-24T15:01:47.421Z","pid":28568,"hostname":"DESKTOP-2U4AJ3R","msg":"User 6974bafd453a13b234432f41 is now offline"}
{"level":30,"time":"2026-03-24T15:01:50.221Z","pid":28568,"hostname":"DESKTOP-2U4AJ3R","msg":"User connected: 6974bafd453a13b234432f41"}
{"level":30,"time":"2026-03-24T15:01:50.281Z","pid":28568,"hostname":"DESKTOP-2U4AJ3R","msg":"User 6974bafd453a13b234432f41 is now online"}
{"level":30,"time":"2026-03-24T15:01:50.492Z","pid":28568,"hostname":"DESKTOP-2U4AJ3R","msg":"User connected: 6974ac8c453a13b234432ed7"}
{"level":30,"time":"2026-03-24T15:01:50.553Z","pid":28568,"hostname":"DESKTOP-2U4AJ3R","msg":"User 6974ac8c453a13b234432ed7 is now online"}
{"level":30,"time":"2026-03-24T15:02:16.869Z","pid":28568,"hostname":"DESKTOP-2U4AJ3R","msg":"User disconnected: 6974ac8c453a13b234432ed7"}
{"level":30,"time":"2026-03-24T15:02:16.905Z","pid":28568,"hostname":"DESKTOP-2U4AJ3R","msg":"User 6974ac8c453a13b234432ed7 is now offline"}
{"level":30,"time":"2026-03-24T15:02:17.106Z","pid":28568,"hostname":"DESKTOP-2U4AJ3R","msg":"User disconnected: 6974bafd453a13b234432f41"}
{"level":30,"time":"2026-03-24T15:02:17.143Z","pid":28568,"hostname":"DESKTOP-2U4AJ3R","msg":"User 6974bafd453a13b234432f41 is now offline"}
{"level":30,"time":"2026-03-24T15:02:21.209Z","pid":28568,"hostname":"DESKTOP-2U4AJ3R","msg":"User connected: 6974bafd453a13b234432f41"}
{"level":30,"time":"2026-03-24T15:02:21.268Z","pid":28568,"hostname":"DESKTOP-2U4AJ3R","msg":"User 6974bafd453a13b234432f41 is now online"}
{"level":30,"time":"2026-03-24T15:02:21.486Z","pid":28568,"hostname":"DESKTOP-2U4AJ3R","msg":"User connected: 6974ac8c453a13b234432ed7"}
{"level":30,"time":"2026-03-24T15:02:21.545Z","pid":28568,"hostname":"DESKTOP-2U4AJ3R","msg":"User 6974ac8c453a13b234432ed7 is now online"}
{"level":30,"time":"2026-03-24T15:02:22.417Z","pid":28568,"hostname":"DESKTOP-2U4AJ3R","msg":"User disconnected: 6974bafd453a13b234432f41"}
{"level":30,"time":"2026-03-24T15:02:22.440Z","pid":28568,"hostname":"DESKTOP-2U4AJ3R","msg":"User disconnected: 6974ac8c453a13b234432ed7"}
{"level":30,"time":"2026-03-24T15:02:22.453Z","pid":28568,"hostname":"DESKTOP-2U4AJ3R","msg":"User 6974bafd453a13b234432f41 is now offline"}
{"level":30,"time":"2026-03-24T15:02:22.475Z","pid":28568,"hostname":"DESKTOP-2U4AJ3R","msg":"User 6974ac8c453a13b234432ed7 is now offline"}
{"level":30,"time":"2026-03-24T15:02:26.164Z","pid":28568,"hostname":"DESKTOP-2U4AJ3R","msg":"User connected: 6974bafd453a13b234432f41"}
{"level":30,"time":"2026-03-24T15:02:26.223Z","pid":28568,"hostname":"DESKTOP-2U4AJ3R","msg":"User 6974bafd453a13b234432f41 is now online"}
{"level":30,"time":"2026-03-24T15:02:26.280Z","pid":28568,"hostname":"DESKTOP-2U4AJ3R","msg":"User connected: 6974ac8c453a13b234432ed7"}
{"level":30,"time":"2026-03-24T15:02:26.341Z","pid":28568,"hostname":"DESKTOP-2U4AJ3R","msg":"User 6974ac8c453a13b234432ed7 is now online"}
{"level":30,"time":"2026-03-24T15:02:29.444Z","pid":28568,"hostname":"DESKTOP-2U4AJ3R","msg":"User disconnected: 6974bafd453a13b234432f41"}
{"level":30,"time":"2026-03-24T15:02:29.479Z","pid":28568,"hostname":"DESKTOP-2U4AJ3R","msg":"User 6974bafd453a13b234432f41 is now offline"}
{"level":30,"time":"2026-03-24T15:02:29.626Z","pid":28568,"hostname":"DESKTOP-2U4AJ3R","msg":"User disconnected: 6974ac8c453a13b234432ed7"}
{"level":30,"time":"2026-03-24T15:02:29.663Z","pid":28568,"hostname":"DESKTOP-2U4AJ3R","msg":"User 6974ac8c453a13b234432ed7 is now offline"}
{"level":30,"time":"2026-03-24T15:02:32.778Z","pid":28568,"hostname":"DESKTOP-2U4AJ3R","msg":"User connected: 6974bafd453a13b234432f41"}
{"level":30,"time":"2026-03-24T15:02:32.838Z","pid":28568,"hostname":"DESKTOP-2U4AJ3R","msg":"User 6974bafd453a13b234432f41 is now online"}
{"level":30,"time":"2026-03-24T15:02:32.877Z","pid":28568,"hostname":"DESKTOP-2U4AJ3R","msg":"User connected: 6974ac8c453a13b234432ed7"}
{"level":30,"time":"2026-03-24T15:02:32.935Z","pid":28568,"hostname":"DESKTOP-2U4AJ3R","msg":"User 6974ac8c453a13b234432ed7 is now online"}
{"level":30,"time":"2026-03-24T15:04:09.877Z","pid":28568,"hostname":"DESKTOP-2U4AJ3R","msg":"User 6974bafd453a13b234432f41 joined conversation 6974bb55a4ae677f11cf749d"}
{"level":30,"time":"2026-03-24T15:04:10.781Z","pid":28568,"hostname":"DESKTOP-2U4AJ3R","msg":"User 6974ac8c453a13b234432ed7 joined conversation 6974bb55a4ae677f11cf749d"}
{"level":40,"time":"2026-03-24T15:07:52.726Z","pid":28568,"hostname":"DESKTOP-2U4AJ3R","message":"Can't find / on this server!","statusCode":404,"msg":"Operational Error"}
{"level":30,"time":"2026-03-24T15:28:15.307Z","pid":28568,"hostname":"DESKTOP-2U4AJ3R","msg":"User disconnected: 6974bafd453a13b234432f41"}
{"level":30,"time":"2026-03-24T15:28:15.318Z","pid":28568,"hostname":"DESKTOP-2U4AJ3R","msg":"User disconnected: 6974ac8c453a13b234432ed7"}
{"level":30,"time":"2026-03-24T15:28:15.343Z","pid":28568,"hostname":"DESKTOP-2U4AJ3R","msg":"User 6974bafd453a13b234432f41 is now offline"}
{"level":30,"time":"2026-03-24T15:28:15.353Z","pid":28568,"hostname":"DESKTOP-2U4AJ3R","msg":"User 6974ac8c453a13b234432ed7 is now offline"}
{"level":30,"time":"2026-03-24T15:28:23.114Z","pid":28568,"hostname":"DESKTOP-2U4AJ3R","msg":"User connected: 6974bafd453a13b234432f41"}
{"level":30,"time":"2026-03-24T15:28:23.175Z","pid":28568,"hostname":"DESKTOP-2U4AJ3R","msg":"User 6974bafd453a13b234432f41 is now online"}
{"level":30,"time":"2026-03-24T15:28:24.329Z","pid":28568,"hostname":"DESKTOP-2U4AJ3R","msg":"User connected: 6974ac8c453a13b234432ed7"}
{"level":30,"time":"2026-03-24T15:28:24.389Z","pid":28568,"hostname":"DESKTOP-2U4AJ3R","msg":"User 6974ac8c453a13b234432ed7 is now online"}
{"level":30,"time":"2026-03-24T15:29:38.320Z","pid":28568,"hostname":"DESKTOP-2U4AJ3R","msg":"User disconnected: 6974ac8c453a13b234432ed7"}
{"level":30,"time":"2026-03-24T15:29:38.356Z","pid":28568,"hostname":"DESKTOP-2U4AJ3R","msg":"User 6974ac8c453a13b234432ed7 is now offline"}
{"level":30,"time":"2026-03-24T15:29:38.391Z","pid":28568,"hostname":"DESKTOP-2U4AJ3R","msg":"User 6974bafd453a13b234432f41 joined conversation 6974bb55a4ae677f11cf749d"}
{"level":30,"time":"2026-03-24T15:29:38.422Z","pid":28568,"hostname":"DESKTOP-2U4AJ3R","msg":"User disconnected: 6974bafd453a13b234432f41"}
{"level":30,"time":"2026-03-24T15:29:38.458Z","pid":28568,"hostname":"DESKTOP-2U4AJ3R","msg":"User 6974bafd453a13b234432f41 is now offline"}
{"level":30,"time":"2026-03-24T15:29:43.144Z","pid":28568,"hostname":"DESKTOP-2U4AJ3R","msg":"User connected: 6974bafd453a13b234432f41"}
{"level":30,"time":"2026-03-24T15:29:43.203Z","pid":28568,"hostname":"DESKTOP-2U4AJ3R","msg":"User 6974bafd453a13b234432f41 is now online"}
{"level":30,"time":"2026-03-24T15:29:43.567Z","pid":28568,"hostname":"DESKTOP-2U4AJ3R","msg":"User connected: 6974ac8c453a13b234432ed7"}
{"level":30,"time":"2026-03-24T15:29:43.627Z","pid":28568,"hostname":"DESKTOP-2U4AJ3R","msg":"User 6974ac8c453a13b234432ed7 is now online"}
{"level":30,"time":"2026-03-24T15:29:50.745Z","pid":28568,"hostname":"DESKTOP-2U4AJ3R","msg":"User disconnected: 6974ac8c453a13b234432ed7"}
{"level":30,"time":"2026-03-24T15:29:50.780Z","pid":28568,"hostname":"DESKTOP-2U4AJ3R","msg":"User 6974ac8c453a13b234432ed7 is now offline"}
{"level":30,"time":"2026-03-24T15:29:51.238Z","pid":28568,"hostname":"DESKTOP-2U4AJ3R","msg":"User disconnected: 6974bafd453a13b234432f41"}
{"level":30,"time":"2026-03-24T15:29:51.273Z","pid":28568,"hostname":"DESKTOP-2U4AJ3R","msg":"User 6974bafd453a13b234432f41 is now offline"}
{"level":30,"time":"2026-03-24T15:29:53.393Z","pid":28568,"hostname":"DESKTOP-2U4AJ3R","msg":"User connected: 6974bafd453a13b234432f41"}
{"level":30,"time":"2026-03-24T15:29:53.452Z","pid":28568,"hostname":"DESKTOP-2U4AJ3R","msg":"User 6974bafd453a13b234432f41 is now online"}
{"level":30,"time":"2026-03-24T15:29:53.997Z","pid":28568,"hostname":"DESKTOP-2U4AJ3R","msg":"User connected: 6974ac8c453a13b234432ed7"}
{"level":30,"time":"2026-03-24T15:29:54.056Z","pid":28568,"hostname":"DESKTOP-2U4AJ3R","msg":"User 6974ac8c453a13b234432ed7 is now online"}
{"level":30,"time":"2026-03-24T15:29:59.801Z","pid":28568,"hostname":"DESKTOP-2U4AJ3R","msg":"User disconnected: 6974bafd453a13b234432f41"}
{"level":30,"time":"2026-03-24T15:29:59.840Z","pid":28568,"hostname":"DESKTOP-2U4AJ3R","msg":"User disconnected: 6974ac8c453a13b234432ed7"}
{"level":30,"time":"2026-03-24T15:29:59.840Z","pid":28568,"hostname":"DESKTOP-2U4AJ3R","msg":"User 6974bafd453a13b234432f41 is now offline"}
{"level":30,"time":"2026-03-24T15:29:59.875Z","pid":28568,"hostname":"DESKTOP-2U4AJ3R","msg":"User 6974ac8c453a13b234432ed7 is now offline"}
{"level":30,"time":"2026-03-24T15:30:05.240Z","pid":28568,"hostname":"DESKTOP-2U4AJ3R","msg":"User connected: 6974bafd453a13b234432f41"}
{"level":30,"time":"2026-03-24T15:30:05.299Z","pid":28568,"hostname":"DESKTOP-2U4AJ3R","msg":"User 6974bafd453a13b234432f41 is now online"}
{"level":30,"time":"2026-03-24T15:30:05.319Z","pid":28568,"hostname":"DESKTOP-2U4AJ3R","msg":"User connected: 6974ac8c453a13b234432ed7"}
{"level":30,"time":"2026-03-24T15:30:05.380Z","pid":28568,"hostname":"DESKTOP-2U4AJ3R","msg":"User 6974ac8c453a13b234432ed7 is now online"}
{"level":30,"time":"2026-03-24T15:30:29.284Z","pid":28568,"hostname":"DESKTOP-2U4AJ3R","msg":"User disconnected: 6974bafd453a13b234432f41"}
{"level":30,"time":"2026-03-24T15:30:29.298Z","pid":28568,"hostname":"DESKTOP-2U4AJ3R","msg":"User disconnected: 6974ac8c453a13b234432ed7"}
{"level":30,"time":"2026-03-24T15:30:29.320Z","pid":28568,"hostname":"DESKTOP-2U4AJ3R","msg":"User 6974bafd453a13b234432f41 is now offline"}
{"level":30,"time":"2026-03-24T15:30:29.333Z","pid":28568,"hostname":"DESKTOP-2U4AJ3R","msg":"User 6974ac8c453a13b234432ed7 is now offline"}
{"level":30,"time":"2026-03-24T15:30:33.159Z","pid":28568,"hostname":"DESKTOP-2U4AJ3R","msg":"User connected: 6974bafd453a13b234432f41"}
{"level":30,"time":"2026-03-24T15:30:33.219Z","pid":28568,"hostname":"DESKTOP-2U4AJ3R","msg":"User 6974bafd453a13b234432f41 is now online"}
{"level":30,"time":"2026-03-24T15:30:34.118Z","pid":28568,"hostname":"DESKTOP-2U4AJ3R","msg":"User connected: 6974ac8c453a13b234432ed7"}
{"level":30,"time":"2026-03-24T15:30:34.179Z","pid":28568,"hostname":"DESKTOP-2U4AJ3R","msg":"User 6974ac8c453a13b234432ed7 is now online"}
{"level":30,"time":"2026-03-24T15:32:12.327Z","pid":28568,"hostname":"DESKTOP-2U4AJ3R","msg":"User 6974ac8c453a13b234432ed7 joined conversation 6974bb55a4ae677f11cf749d"}
{"level":30,"time":"2026-03-24T15:32:14.771Z","pid":28568,"hostname":"DESKTOP-2U4AJ3R","msg":"User 6974bafd453a13b234432f41 joined conversation 6974bb55a4ae677f11cf749d"}
{"level":30,"time":"2026-03-24T15:36:21.343Z","pid":28568,"hostname":"DESKTOP-2U4AJ3R","msg":"User disconnected: 6974ac8c453a13b234432ed7"}
{"level":30,"time":"2026-03-24T15:36:21.378Z","pid":28568,"hostname":"DESKTOP-2U4AJ3R","msg":"User 6974ac8c453a13b234432ed7 is now offline"}
{"level":30,"time":"2026-03-24T15:36:21.418Z","pid":28568,"hostname":"DESKTOP-2U4AJ3R","msg":"User disconnected: 6974bafd453a13b234432f41"}
{"level":30,"time":"2026-03-24T15:36:21.453Z","pid":28568,"hostname":"DESKTOP-2U4AJ3R","msg":"User 6974bafd453a13b234432f41 is now offline"}
{"level":30,"time":"2026-03-24T15:36:24.867Z","pid":28568,"hostname":"DESKTOP-2U4AJ3R","msg":"User connected: 6974bafd453a13b234432f41"}
{"level":30,"time":"2026-03-24T15:36:24.870Z","pid":28568,"hostname":"DESKTOP-2U4AJ3R","msg":"User connected: 6974ac8c453a13b234432ed7"}
{"level":30,"time":"2026-03-24T15:36:24.923Z","pid":28568,"hostname":"DESKTOP-2U4AJ3R","msg":"User 6974bafd453a13b234432f41 is now online"}
{"level":30,"time":"2026-03-24T15:36:24.924Z","pid":28568,"hostname":"DESKTOP-2U4AJ3R","msg":"User 6974ac8c453a13b234432ed7 is now online"}
